<?xml version="1.0" encoding="UTF-8"?>
<!-- Generated by org.testng.reporters.JUnitXMLReporter -->
<testsuite hostname="sysadm-PC" ignored="0" name="MultiPax Sleeper Insurance" tests="2" failures="1" timestamp="02 Apr 2019 04:25:56 GMT" time="268.681" errors="0">
  <testcase name="B2cTrains_Pax_Multi_Sleeper_Insurance" time="197.644" classname="testScriptsTrains.Pax_Multi_Sleeper_Insurance">
    <skipped/>
  </testcase> <!-- B2cTrains_Pax_Multi_Sleeper_Insurance -->
  <testcase name="B2cTrains_Pax_Multi_Sleeper_Insurance" time="66.494" classname="testScriptsTrains.Pax_Multi_Sleeper_Insurance">
    <failure type="org.openqa.selenium.TimeoutException" message="Expected condition failed: waiting for element to be clickable: By.xpath: //*[@id=&amp;apos;getStartedWithEmailID&amp;apos;] (tried for 2 second(s) with 500 MILLISECONDS interval)">
      <![CDATA[org.openqa.selenium.TimeoutException: Expected condition failed: waiting for element to be clickable: By.xpath: //*[@id='getStartedWithEmailID'] (tried for 2 second(s) with 500 MILLISECONDS interval)
	at org.openqa.selenium.support.ui.WebDriverWait.timeoutException(WebDriverWait.java:80)
	at org.openqa.selenium.support.ui.FluentWait.until(FluentWait.java:232)
	at commonServices.WrapperMethod.smartClick(WrapperMethod.java:1214)
	at domainServices.Trains.B2cTrains_HomepageSearchwithSignin(Trains.java:445)
	at testScriptsTrains.Pax_Multi_Sleeper_Insurance.B2cTrains_Pax_Multi_Sleeper_Insurance(Pax_Multi_Sleeper_Insurance.java:34)
	at java.util.concurrent.FutureTask.run(Unknown Source)
	at java.util.concurrent.ThreadPoolExecutor.runWorker(Unknown Source)
	at java.util.concurrent.ThreadPoolExecutor$Worker.run(Unknown Source)
	at java.lang.Thread.run(Unknown Source)
Caused by: org.openqa.selenium.NoSuchElementException: Cannot locate an element using By.xpath: //*[@id='getStartedWithEmailID']
For documentation on this error, please visit: http://seleniumhq.org/exceptions/no_such_element.html
Build info: version: '3.4.0', revision: 'unknown', time: 'unknown'
System info: host: 'SYSADM-PC', ip: '192.168.43.94', os.name: 'Windows 7', os.arch: 'amd64', os.version: '6.1', java.version: '1.8.0_191'
Driver info: driver.version: unknown
	at org.openqa.selenium.support.ui.ExpectedConditions.lambda$findElement$0(ExpectedConditions.java:883)
	at java.util.Optional.orElseThrow(Unknown Source)
	at org.openqa.selenium.support.ui.ExpectedConditions.findElement(ExpectedConditions.java:882)
	at org.openqa.selenium.support.ui.ExpectedConditions.access$000(ExpectedConditions.java:44)
	at org.openqa.selenium.support.ui.ExpectedConditions$7.apply(ExpectedConditions.java:206)
	at org.openqa.selenium.support.ui.ExpectedConditions$7.apply(ExpectedConditions.java:202)
	at org.openqa.selenium.support.ui.ExpectedConditions$22.apply(ExpectedConditions.java:644)
	at org.openqa.selenium.support.ui.ExpectedConditions$22.apply(ExpectedConditions.java:641)
	at org.openqa.selenium.support.ui.FluentWait.until(FluentWait.java:209)
	... 23 more
... Removed 16 stack frames]]>
    </failure>
  </testcase> <!-- B2cTrains_Pax_Multi_Sleeper_Insurance -->
</testsuite> <!-- MultiPax Sleeper Insurance -->
