<?xml version="1.0" encoding="UTF-8"?>
<!-- Generated by org.testng.reporters.JUnitXMLReporter -->
<testsuite hostname="sysadm-PC" ignored="0" name="Email" tests="12" failures="6" timestamp="23 Oct 2019 06:53:06 GMT" time="0.016" errors="0">
  <testcase name="message" time="0.0" classname="com.cleartrip.platform.email.EmailPost">
    <skipped/>
  </testcase> <!-- message -->
  <testcase name="message" time="0.0" classname="com.cleartrip.platform.email.EmailPost">
    <failure type="java.lang.NoClassDefFoundError" message="Could not initialize class io.restassured.RestAssured">
      <![CDATA[java.lang.NoClassDefFoundError: Could not initialize class io.restassured.RestAssured
	at com.cleartrip.platform.email.EmailCommon.EmailPostAPI(EmailCommon.java:38)
	at com.cleartrip.platform.email.EmailPost.message(EmailPost.java:15)
	at java.util.concurrent.ThreadPoolExecutor.runWorker(Unknown Source)
	at java.util.concurrent.ThreadPoolExecutor$Worker.run(Unknown Source)
	at java.lang.Thread.run(Unknown Source)
... Removed 10 stack frames]]>
    </failure>
  </testcase> <!-- message -->
  <testcase name="message" time="0.0" classname="com.cleartrip.platform.email.EmailSpamScore">
    <skipped/>
  </testcase> <!-- message -->
  <testcase name="message" time="0.0" classname="com.cleartrip.platform.email.EmailSpamScore">
    <failure type="java.lang.NoClassDefFoundError" message="Could not initialize class io.restassured.RestAssured">
      <![CDATA[java.lang.NoClassDefFoundError: Could not initialize class io.restassured.RestAssured
	at com.cleartrip.platform.email.EmailCommon.Emailspamscore(EmailCommon.java:71)
	at com.cleartrip.platform.email.EmailSpamScore.message(EmailSpamScore.java:15)
	at java.util.concurrent.ThreadPoolExecutor.runWorker(Unknown Source)
	at java.util.concurrent.ThreadPoolExecutor$Worker.run(Unknown Source)
	at java.lang.Thread.run(Unknown Source)
... Removed 10 stack frames]]>
    </failure>
  </testcase> <!-- message -->
  <testcase name="message" time="0.0" classname="com.cleartrip.platform.email.EmailwithAttachments">
    <skipped/>
  </testcase> <!-- message -->
  <testcase name="message" time="0.0" classname="com.cleartrip.platform.email.EmailwithAttachments">
    <failure type="java.lang.NoClassDefFoundError" message="Could not initialize class io.restassured.RestAssured">
      <![CDATA[java.lang.NoClassDefFoundError: Could not initialize class io.restassured.RestAssured
	at com.cleartrip.platform.email.EmailCommon.EmailPostAPI(EmailCommon.java:38)
	at com.cleartrip.platform.email.EmailwithAttachments.message(EmailwithAttachments.java:14)
	at java.util.concurrent.ThreadPoolExecutor.runWorker(Unknown Source)
	at java.util.concurrent.ThreadPoolExecutor$Worker.run(Unknown Source)
	at java.lang.Thread.run(Unknown Source)
... Removed 10 stack frames]]>
    </failure>
  </testcase> <!-- message -->
  <testcase name="message" time="0.0" classname="com.cleartrip.platform.email.Email_Template_true">
    <skipped/>
  </testcase> <!-- message -->
  <testcase name="message" time="0.0" classname="com.cleartrip.platform.email.Email_Template_true">
    <failure type="java.lang.NoClassDefFoundError" message="Could not initialize class io.restassured.RestAssured">
      <![CDATA[java.lang.NoClassDefFoundError: Could not initialize class io.restassured.RestAssured
	at com.cleartrip.platform.email.EmailCommon.EmailPostAPI(EmailCommon.java:38)
	at com.cleartrip.platform.email.Email_Template_true.message(Email_Template_true.java:14)
	at java.util.concurrent.ThreadPoolExecutor.runWorker(Unknown Source)
	at java.util.concurrent.ThreadPoolExecutor$Worker.run(Unknown Source)
	at java.lang.Thread.run(Unknown Source)
... Removed 10 stack frames]]>
    </failure>
  </testcase> <!-- message -->
  <testcase name="generatePDF" time="0.0" classname="com.cleartrip.platform.email.GeneratePDF">
    <skipped/>
  </testcase> <!-- generatePDF -->
  <testcase name="generatePDF" time="0.0" classname="com.cleartrip.platform.email.GeneratePDF">
    <failure type="java.lang.NoClassDefFoundError" message="Could not initialize class io.restassured.RestAssured">
      <![CDATA[java.lang.NoClassDefFoundError: Could not initialize class io.restassured.RestAssured
	at com.cleartrip.platform.email.EmailCommon.EmailgeneratePDF(EmailCommon.java:93)
	at com.cleartrip.platform.email.GeneratePDF.generatePDF(GeneratePDF.java:15)
	at java.util.concurrent.ThreadPoolExecutor.runWorker(Unknown Source)
	at java.util.concurrent.ThreadPoolExecutor$Worker.run(Unknown Source)
	at java.lang.Thread.run(Unknown Source)
... Removed 10 stack frames]]>
    </failure>
  </testcase> <!-- generatePDF -->
  <testcase name="generatePKPass" time="0.0" classname="com.cleartrip.platform.email.GeneratePKPass">
    <skipped/>
  </testcase> <!-- generatePKPass -->
  <testcase name="generatePKPass" time="0.0" classname="com.cleartrip.platform.email.GeneratePKPass">
    <failure type="java.lang.NoClassDefFoundError" message="Could not initialize class io.restassured.RestAssured">
      <![CDATA[java.lang.NoClassDefFoundError: Could not initialize class io.restassured.RestAssured
	at com.cleartrip.platform.email.EmailCommon.EmailgeneratePKPass(EmailCommon.java:82)
	at com.cleartrip.platform.email.GeneratePKPass.generatePKPass(GeneratePKPass.java:14)
	at java.util.concurrent.ThreadPoolExecutor.runWorker(Unknown Source)
	at java.util.concurrent.ThreadPoolExecutor$Worker.run(Unknown Source)
	at java.lang.Thread.run(Unknown Source)
... Removed 10 stack frames]]>
    </failure>
  </testcase> <!-- generatePKPass -->
</testsuite> <!-- Email -->
