<?xml version="1.0" encoding="UTF-8"?>
<!-- Generated by org.testng.reporters.JUnitXMLReporter -->
<testsuite hostname="sysadm-Latitude-3480" ignored="0" name="TripService Logbooking" tests="5" failures="0" timestamp="09 Nov 2020 08:00:54 GMT" time="73.214" errors="0">
  <testcase name="airPostCall" time="13.068" classname="tripServices.TS_LogBooking_Air"/>
  <testcase name="hotelPostCall" time="14.678" classname="tripServices.TS_LogBooking_Hotel"/>
  <testcase name="localPostCall" time="17.231" classname="tripServices.TS_LogBooking_Local"/>
  <testcase name="Tripservicepostcall" time="14.136" classname="tripServices.TS_LogBooking_Trains"/>
  <testcase name="airPostCall" time="14.043" classname="tripServices.TS_LogBooking_FPH"/>
</testsuite> <!-- TripService Logbooking -->
