<?xml version="1.0" encoding="UTF-8"?>
<!-- Generated by org.testng.reporters.JUnitXMLReporter -->
<testsuite hostname="sysadm-Latitude-3480" ignored="0" name="TripService Account APIs" tests="12" failures="0" timestamp="30 Apr 2020 07:48:00 GMT" time="48.653" errors="0">
  <testcase name="Accounts_ExistingUsers" time="0.879" classname="tripServices.Accounts_CreateUpdate_Tagmaster"/>
  <testcase name="Accounts_ExistingUsers" time="3.645" classname="tripServices.Accounts_ExistingUser"/>
  <testcase name="Accounts_FetchByBookedUserid" time="5.053" classname="tripServices.Accounts_FetchtripdetailsByBookedUserid"/>
  <testcase name="Accounts_FetchByPersonid" time="7.022" classname="tripServices.Accounts_FetchtripdetailsByPersonid"/>
  <testcase name="Accounts_FetchByTripid" time="9.039" classname="tripServices.Accounts_FetchtripdetailsByTripid"/>
  <testcase name="Accounts_FetchByTripref" time="8.697" classname="tripServices.Accounts_FetchtripdetailsByTripref"/>
  <testcase name="Accounts_FetchByUserid" time="9.174" classname="tripServices.Accounts_FetchtripdetailsByUserid"/>
  <testcase name="Accounts_ExistingUsers" time="0.234" classname="tripServices.Accounts_Notes"/>
  <testcase name="Accounts_ExistingUsers" time="0.998" classname="tripServices.Accounts_tagmaster"/>
  <testcase name="Accounts_Taskcategory" time="0.643" classname="tripServices.Accounts_Taskcategory"/>
  <testcase name="Accounts_FetchByPersonid" time="2.538" classname="tripServices.Accounts_Depositaccount"/>
  <testcase name="Accounts_ExistingUsers" time="0.717" classname="tripServices.TS_Updatetag_SyncPut"/>
</testsuite> <!-- TripService Account APIs -->
