<?xml version="1.0" encoding="UTF-8"?>
<!-- Generated by org.testng.reporters.JUnitXMLReporter -->
<testsuite hostname="sysadm-Latitude-3480" ignored="0" name="TripService Account APIs" tests="12" failures="0" timestamp="24 Apr 2020 09:56:16 GMT" time="54.993" errors="0">
  <testcase name="Accounts_ExistingUsers" time="1.021" classname="tripServices.Accounts_CreateUpdate_Tagmaster"/>
  <testcase name="Accounts_ExistingUsers" time="3.673" classname="tripServices.Accounts_ExistingUser"/>
  <testcase name="Accounts_FetchByBookedUserid" time="6.957" classname="tripServices.Accounts_FetchtripdetailsByBookedUserid"/>
  <testcase name="Accounts_FetchByPersonid" time="7.433" classname="tripServices.Accounts_FetchtripdetailsByPersonid"/>
  <testcase name="Accounts_FetchByTripid" time="9.666" classname="tripServices.Accounts_FetchtripdetailsByTripid"/>
  <testcase name="Accounts_FetchByTripref" time="9.478" classname="tripServices.Accounts_FetchtripdetailsByTripref"/>
  <testcase name="Accounts_FetchByUserid" time="10.059" classname="tripServices.Accounts_FetchtripdetailsByUserid"/>
  <testcase name="Accounts_ExistingUsers" time="0.396" classname="tripServices.Accounts_Notes"/>
  <testcase name="Accounts_ExistingUsers" time="1.629" classname="tripServices.Accounts_tagmaster"/>
  <testcase name="Accounts_Taskcategory" time="0.818" classname="tripServices.Accounts_Taskcategory"/>
  <testcase name="Accounts_FetchByPersonid" time="3.068" classname="tripServices.Accounts_Depositaccount"/>
  <testcase name="Accounts_ExistingUsers" time="0.78" classname="tripServices.TS_Updatetag_SyncPut"/>
</testsuite> <!-- TripService Account APIs -->
