<?xml version="1.0" encoding="UTF-8"?>
<!-- Generated by org.testng.reporters.JUnitXMLReporter -->
<testsuite hostname="sysadm-Latitude-3480" ignored="0" name="Identity Service-Get Token Through refresh token" tests="1" failures="0" timestamp="04 May 2020 05:15:18 GMT" time="1.76" errors="0">
  <testcase name="identtiyservice_get_tokenthroughCode" time="1.739" classname="accountsAPI.Identtiyservice_get_tokenthroughrefreshToken"/>
</testsuite> <!-- Identity Service-Get Token Through refresh token -->
