<?xml version="1.0" encoding="UTF-8"?>
<!-- Generated by org.testng.reporters.JUnitXMLReporter -->
<testsuite hostname="sysadm-Latitude-3480" ignored="0" name="Promos" tests="4" failures="0" timestamp="05 Mar 2020 04:40:35 GMT" time="105.791" errors="0">
  <testcase name="Promo_Activate" time="3.699" classname="paymentsAPI.API_Promo_Activate">
    <skipped/>
  </testcase> <!-- Promo_Activate -->
  <testcase name="PaymentCtPayCreate" time="4.006" classname="paymentsAPI.API_Promo_Used">
    <skipped/>
  </testcase> <!-- PaymentCtPayCreate -->
  <testcase name="PaymentCtPayCreate" time="0.603" classname="paymentsAPI.API_Promo_Used"/>
  <testcase name="Promo_Activate" time="102.053" classname="paymentsAPI.API_Promo_Activate"/>
</testsuite> <!-- Promos -->
