<?xml version="1.0" encoding="UTF-8"?>
<testsuite name="API OLA"
           tests="5"
           failures="1"
           errors="0"
           skipped="4"
           time="12.319">
  <properties />
            <testcase name="paymentOTP_Validate" time="0.329" classname="paymentsAPI.API_OLA_Validate_Pay">
                <failure type="junit.framework.AssertionFailedError"
                  message="(null)"
              >
<![CDATA[junit.framework.AssertionFailedError
  junit.framework.Assert.fail(Assert.java:48)
  junit.framework.Assert.assertTrue(Assert.java:20)
  junit.framework.Assert.assertTrue(Assert.java:27)
  paymentsAPI.API_PaymentCommon1.validation(API_PaymentCommon1.java:1611)
  paymentsAPI.API_OLA_Validate_Pay.paymentOTP_Validate(API_OLA_Validate_Pay.java:22)
  sun.reflect.NativeMethodAccessorImpl.invoke0(Native Method)
  sun.reflect.NativeMethodAccessorImpl.invoke(NativeMethodAccessorImpl.java:62)
  sun.reflect.DelegatingMethodAccessorImpl.invoke(DelegatingMethodAccessorImpl.java:43)
  java.lang.reflect.Method.invoke(Method.java:498)
  org.testng.internal.MethodInvocationHelper.invokeMethod(MethodInvocationHelper.java:124)
  org.testng.internal.Invoker.invokeMethod(Invoker.java:583)
  org.testng.internal.Invoker.retryFailed(Invoker.java:839)
  org.testng.internal.Invoker.invokeTestMethods(Invoker.java:1010)
  org.testng.internal.TestMethodWorker.invokeTestMethods(TestMethodWorker.java:125)
  org.testng.internal.TestMethodWorker.run(TestMethodWorker.java:109)
  java.util.concurrent.ThreadPoolExecutor.runWorker(ThreadPoolExecutor.java:1149)
  java.util.concurrent.ThreadPoolExecutor$Worker.run(ThreadPoolExecutor.java:624)
  java.lang.Thread.run(Thread.java:748)
]]>
      </failure>

          </testcase>
  
            <testcase name="paymentOTP_Validate" time="0.0" classname="paymentsAPI.API_OLA_Validate_Pay">
          <skipped />
    </testcase>
            <testcase name="paymentOTP_PromoStat" time="0.0" classname="paymentsAPI.API_OLA_Validate_Pay">
          <skipped />
    </testcase>
            <testcase name="paymentOTP_Pay" time="0.0" classname="paymentsAPI.API_OLA_Validate_Pay">
          <skipped />
    </testcase>
            <testcase name="paymentOTP_CheckStat" time="0.0" classname="paymentsAPI.API_OLA_Validate_Pay">
          <skipped />
    </testcase>
  
  
</testsuite>
